<?xml version="1.0" encoding="UTF-8"?>
<!-- Generated by org.testng.reporters.JUnitReportReporter -->
<testsuite hostname="TNBVPLL00020" failures="0" tests="1" name="testCases.LoginTest" time="7.775" errors="0" timestamp="2025-03-11T12:59:14 IST" skipped="0">
  <testcase classname="testCases.LoginTest" name="loginTest" time="7.775"/>
</testsuite> <!-- testCases.LoginTest -->
