<?xml version="1.0" encoding="UTF-8"?>
<!-- Generated by org.testng.reporters.JUnitReportReporter -->
<testsuite hostname="TNBVPLL00020" failures="0" tests="2" name="testCases.LoginTest" time="29.648" errors="0" timestamp="2025-03-12T16:31:11 IST" skipped="0">
  <testcase classname="testCases.LoginTest" name="testcase2" time="18.823"/>
  <testcase classname="testCases.LoginTest" name="loginTest" time="10.825"/>
</testsuite> <!-- testCases.LoginTest -->
