<?xml version="1.0" encoding="UTF-8"?>
<!-- Generated by org.testng.reporters.JUnitReportReporter -->
<testsuite hostname="TNBVPLL00020" failures="0" tests="2" name="testCases.LoginTest" time="17.570" errors="0" timestamp="2025-03-12T17:00:57 IST" skipped="0">
  <testcase classname="testCases.LoginTest" name="loginTest" time="12.609"/>
  <testcase classname="testCases.LoginTest" name="testcase2" time="4.961"/>
</testsuite> <!-- testCases.LoginTest -->
